PROJECT_ROOT: /root/nunya
USE_NETWORK: localhost
Hit:1 http://mirrors.linode.com/ubuntu noble InRelease
Hit:2 http://mirrors.linode.com/ubuntu noble-updates InRelease
Hit:3 http://mirrors.linode.com/ubuntu noble-backports InRelease
Hit:4 https://download.docker.com/linux/ubuntu noble InRelease
Hit:5 http://security.ubuntu.com/ubuntu noble-security InRelease
Reading package lists...
Building dependency tree...
Reading state information...
6 packages can be upgraded. Run 'apt list --upgradable' to see them.
Found '/root/nunya/.nvmrc' with version <lts/hydrogen>
Now using node v18.20.5 (npm v10.8.2)
Found '/root/nunya/.nvmrc' with version <lts/hydrogen>
Now using node v18.20.5 (npm v10.8.2)
/root/.nvm/versions/node/v18.20.5/bin/node
Reading package lists...
Building dependency tree...
Reading state information...
git is already the newest version (1:2.43.0-1ubuntu7.1).
make is already the newest version (4.3-4.1build2).
0 upgraded, 0 newly installed, 0 to remove and 6 not upgraded.

  stable-x86_64-unknown-linux-gnu unchanged - rustc 1.83.0 (90b35a623 2024-11-26)


Rust is installed now. Great!

To get started you may need to restart your current shell.
This would reload your PATH environment variable to include
Cargo's bin directory ($HOME/.cargo/bin).

To configure your current shell, you need to source
the corresponding env file under $HOME/.cargo.

This is usually done by running one of the following (note the leading DOT):
. "$HOME/.cargo/env"            # For sh/bash/zsh/ash/dash/pdksh
source "$HOME/.cargo/env.fish"  # For fish

   stable-x86_64-unknown-linux-gnu unchanged - rustc 1.83.0 (90b35a623 2024-11-26)
  nightly-x86_64-unknown-linux-gnu unchanged - rustc 1.85.0-nightly (45d11e51b 2025-01-01)


  stable-x86_64-unknown-linux-gnu unchanged - rustc 1.83.0 (90b35a623 2024-11-26)


changed 557 packages in 1m

75 packages are looking for funding
  run `npm fund` for details

changed 1 package in 861ms

changed 1 package in 650ms
➤ YN0000: Downloading https://repo.yarnpkg.com/4.5.3/packages/yarnpkg-cli/bin/yarn.js
➤ YN0000: Saving the new release in .yarn/releases/yarn-4.5.3.cjs
➤ YN0000: Done in 0s 866ms
Preparing yarn@v4.5.3 for immediate activation...
➤ YN0000: · Yarn 4.5.3
➤ YN0000: ┌ Resolution step
➤ YN0000: └ Completed in 0s 797ms
➤ YN0000: ┌ Post-resolution validation
➤ YN0060: │ ethers is listed by your project with version 6.13.4 (pac853), which doesn't satisfy what @typechain/ethers-v5 and other dependencies request (but they have non-overlapping ranges!).
➤ YN0060: │ typechain is listed by your project with version 8.1.1 (pef6fd), which doesn't satisfy what @typechain/ethers-v5 and other dependencies request (^8.3.2).
➤ YN0002: │ @se-2/hardhat@workspace:packages/hardhat doesn't provide @types/node (pf76ad), requested by ts-node.
➤ YN0002: │ @se-2/nextjs@workspace:packages/nextjs doesn't provide @typescript-eslint/parser (p978f6), requested by @typescript-eslint/eslint-plugin.
➤ YN0002: │ se-2@workspace:. doesn't provide eslint (pc51ae), requested by eslint-plugin-react.
➤ YN0002: │ se-2@workspace:. doesn't provide react (p02851), requested by qrcode.react.
➤ YN0086: │ Some peer dependencies are incorrectly met by your project; run yarn explain peer-requirements <hash> for details, where <hash> is the six-letter p-prefixed code.
➤ YN0086: │ Some peer dependencies are incorrectly met by dependencies; run yarn explain peer-requirements for details.
➤ YN0000: └ Completed
➤ YN0000: ┌ Fetch step
➤ YN0000: └ Completed in 1s 255ms
➤ YN0000: ┌ Link step
➤ YN0000: └ Completed in 1s 326ms
➤ YN0000: · Done with warnings in 3s 554ms
Found '/root/nunya/.nvmrc' with version <lts/hydrogen>
Now using node v18.20.5 (npm v10.8.2)
Found '/root/nunya/.nvmrc' with version <lts/hydrogen>
Now using node v18.20.5 (npm v10.8.2)
info: The system user `ethlocal_service' already exists. Exiting.

● ethlocal.service - Ethereum Network Development Node systemd service
     Loaded: loaded (/etc/systemd/system/ethlocal.service; enabled; preset: enabled)
     Active: active (running) since Thu 2025-01-02 12:56:02 UTC; 369ms ago
   Main PID: 710239 (bash)
      Tasks: 11 (limit: 4614)
     Memory: 17.1M (peak: 17.1M)
        CPU: 157ms
     CGroup: /system.slice/ethlocal.service
             ├─710239 bash /opt/ethlocal/start.sh
             └─710240 node /root/nunya/packages/hardhat/node_modules/.bin/hardhat node --network hardhat --no-deploy --port 8545

Jan 02 12:56:02 localhost systemd[1]: Started ethlocal.service - Ethereum Network Development Node systemd service.
Jan 02 12:56:02 localhost ethlocal[710239]: -----------------------
Jan 02 12:56:02 localhost ethlocal[710239]: Executing: /root/nunya/packages/hardhat/node_modules/.bin/hardhat node --network hardhat --no-deploy --port 8545
Jan 02 12:56:02 localhost ethlocal[710239]: ----------------------
Found '/root/nunya/.nvmrc' with version <lts/hydrogen>
Now using node v18.20.5 (npm v10.8.2)
Generating typings for: 11 artifacts in dir: typechain-types for target: ethers-v6
Successfully generated 22 typings!
Compiled 11 Solidity files successfully (evm target: paris).
Generating typings for: 11 artifacts in dir: typechain-types for target: ethers-v6
Successfully generated 22 typings!
Compiled 11 Solidity files successfully (evm target: paris).
File path: /root/nunya/deployed.json
network:  localhost
chain id:  31337
Generating keys for deployer public address: 0xf39Fd6e51aad88F6F4ce6aB8827279cffFb92266 

userPublicKey:  0x038318535b54105d4a7aae60c08fc45f9687181b4fdfc625bd1a753fa7397fed75
userPublicKeyBytes:  Uint8Array(33) [
    3, 131,  24, 83,  91,  84,  16,  93,
   74, 122, 174, 96, 192, 143, 196,  95,
  150, 135,  24, 27,  79, 223, 198,  37,
  189,  26, 117, 63, 167,  57, 127, 237,
  117
]
deployerAddress:  0xf39Fd6e51aad88F6F4ce6aB8827279cffFb92266
Deployer account balance: 10000.0 ETH
deploying "NunyaBusiness" (tx: 0xa9a0e30067d6717bc37fd08cb84283ec20706672ffe1896619fefa891110c17a)...: deployed at 0x5FbDB2315678afecb367f032d93F642f64180aa3 with 2939815 gas
Successfully deployed NunyaBusiness to address:  0x5FbDB2315678afecb367f032d93F642f64180aa3
deploying "Gateway" (tx: 0x535b647086dc40a889cb27715dfa2adeeb74af72a77b42c79e5016716240c55d)...: deployed at 0xe7f1725E7734CE288F8367e1Bb143E90bb3F0512 with 3069527 gas
Successfully deployed Gateway to address:  0xe7f1725E7734CE288F8367e1Bb143E90bb3F0512
setGatewayAddressTx tx hash: 0xdea0cb951325aa4af565eaaca1a3ba8b02f8571073c90e039ae43502ce7bd27c
👋 Nunya contract: 0x5FbDB2315678afecb367f032d93F642f64180aa3
NunyaBusiness balance:  0.000500000000021
Gateway balance:  0.000099999999979
jsonData:  {
  data: {
    relayer: { path: '/root/nunya/packages/relayer' },
    evm: { network: 'localhost', localhost: [Object], sepolia: [Object] },
    secret: { network: 'localhost', testnet: [Object], localhost: [Object] }
  }
}
Updated deployed.json hardhat:  {
  "data": {
    "relayer": {
      "path": "/root/nunya/packages/relayer"
    },
    "evm": {
      "network": "localhost",
      "localhost": {
        "chainId": "31337",
        "endpoint": "http://127.0.0.1:8545",
        "nunyaBusinessContractAddress": "0x5FbDB2315678afecb367f032d93F642f64180aa3",
        "gatewayContractAddress": "0xe7f1725E7734CE288F8367e1Bb143E90bb3F0512"
      },
      "sepolia": {
        "chainId": "11155111",
        "endpoint": "",
        "nunyaBusinessContractAddress": "0xAFFF311821C3F3AF863C7103BB17BDC1Ba04603D",
        "gatewayContractAddress": "0x1E4B12A9F82b33DA1127B27861EFf5E652de7a6F"
      }
    },
    "secret": {
      "network": "localhost",
      "testnet": {
        "chainId": "",
        "endpoint": "",
        "secretNunya": {
          "nunyaContractCodeId": "",
          "nunyaContractCodeHash": "",
          "nunyaContractAddress": ""
        },
        "secretGateway": {
          "gatewayContractCodeId": "",
          "gatewayContractAddress": "",
          "gatewayContractCodeHash": "",
          "gatewayContractAdminAddress": "",
          "gatewayContractPublicKey": "",
          "gatewayContractEncryptionKeyForChaChaPoly1305": ""
        }
      },
      "localhost": {
        "chainId": "secretdev-1",
        "endpoint": "http://172.105.184.209:1317",
        "secretNunya": {
          "nunyaContractCodeId": "2",
          "nunyaContractCodeHash": "0e1904c8f258b365d24865041ab51de62fdbf515d15e8fe785774662201c809a",
          "nunyaContractAddress": "secret1gyruqan6yxf0q423t8z5zce3x7np35uw8s8wqc"
        },
        "secretGateway": {
          "gatewayContractCodeId": "2",
          "gatewayContractAddress": "secret1gyruqan6yxf0q423t8z5zce3x7np35uw8s8wqc",
          "gatewayContractCodeHash": "28e460006f968e69d48797832c22a564c3077e170a63c772bcc077f099da14ba",
          "gatewayContractAdminAddress": "secret1glfedwlusunwly7q05umghzwl6nf2vj6wr38fg",
          "gatewayContractPublicKey": "0x041401d96329bc48ec810b3ca8140b419c0ab6b820a0fb0775e2bc5234d37f8da0fea791b1d14a70347d9e2ca1b025a94b3182ee32f7761de31176dfdc979a8fa0",
          "gatewayContractEncryptionKeyForChaChaPoly1305": "AhQB2WMpvEjsgQs8qBQLQZwKtrggoPsHdeK8UjTTf42g"
        }
      }
    }
  }
}
📝 Updated TypeScript contract definition file on ../nextjs/contracts/deployedContracts.ts
Public address: 0xf39Fd6e51aad88F6F4ce6aB8827279cffFb92266 

balance: 9999.985605604768
nonce: 3
Current block number:  5
Setting the Gateway address in the Nunya contract to:  0xe7f1725E7734CE288F8367e1Bb143E90bb3F0512
Receipt: {
  type: 2,
  chainId: 31337,
  nonce: 3,
  maxPriorityFeePerGas: BigNumber { _hex: '0x59682f00', _isBigNumber: true },
  maxFeePerGas: BigNumber { _hex: '0x9a19918e', _isBigNumber: true },
  gasPrice: null,
  gasLimit: BigNumber { _hex: '0xa640', _isBigNumber: true },
  to: '0x5FbDB2315678afecb367f032d93F642f64180aa3',
  value: BigNumber { _hex: '0x5af3107a4000', _isBigNumber: true },
  data: '0xa35ff076000000000000000000000000e7f1725e7734ce288f8367e1bb143e90bb3f0512',
  accessList: [],
  hash: '0x0bcedc6e6dd9484fb79573c4a1239938d4ab593456df55b884a78254dfb9d3a4',
  v: 0,
  r: '0xd556f7396c7cbe941b5eaf5944d1572ea02bdb40082175bf1508220f38e64ad0',
  s: '0x1df72c49021f3ec9c80b385603a4f64fe27c6b3700690002d9732d240d9e5a3c',
  from: '0xf39Fd6e51aad88F6F4ce6aB8827279cffFb92266',
  confirmations: 0,
  wait: [Function (anonymous)]
}
Tx Hash: 0x0bcedc6e6dd9484fb79573c4a1239938d4ab593456df55b884a78254dfb9d3a4
cargo clean
rm -f ./contract.wasm ./contract.wasm.gz
sudo docker exec secretdev rm -rf /root/code/contract.wasm
cargo clean && \
sudo bash ../../../set-env.sh && \
cargo build --release --target wasm32-unknown-unknown
Ubuntu/Debian Linux detected.
Reading package lists...
Building dependency tree...
Reading state information...
cmake is already the newest version (3.28.3-1build7).
pkg-config is already the newest version (1.8.1-2build1).
libssl-dev is already the newest version (3.0.13-0ubuntu3.4).
git is already the newest version (1:2.43.0-1ubuntu7.1).
gcc is already the newest version (4:13.2.0-7ubuntu1).
build-essential is already the newest version (12.10ubuntu1).
protobuf-compiler is already the newest version (3.21.12-8.2build1).
clang is already the newest version (1:18.0-59~exp2).
libclang-dev is already the newest version (1:18.0-59~exp2).
0 upgraded, 0 newly installed, 0 to remove and 6 not upgraded.
Configured: 
/usr/bin/llvm-ar
/usr/bin/clang
-C link-arg=-s
cp ./target/wasm32-unknown-unknown/release/*.wasm ./contract.wasm
cat ./contract.wasm | gzip -9 > ./contract.wasm.gz
cargo clean
rm -f ./secret-gateway-contract.wasm ./secret-gateway-contract.wasm.gz
sudo docker exec secretdev rm -rf /root/code/secret-gateway-contract.wasm
cargo clean && \
sudo bash ../../../set-env.sh && \
cargo build --release --target wasm32-unknown-unknown
Ubuntu/Debian Linux detected.
Reading package lists...
Building dependency tree...
Reading state information...
cmake is already the newest version (3.28.3-1build7).
pkg-config is already the newest version (1.8.1-2build1).
libssl-dev is already the newest version (3.0.13-0ubuntu3.4).
git is already the newest version (1:2.43.0-1ubuntu7.1).
gcc is already the newest version (4:13.2.0-7ubuntu1).
build-essential is already the newest version (12.10ubuntu1).
protobuf-compiler is already the newest version (3.21.12-8.2build1).
clang is already the newest version (1:18.0-59~exp2).
libclang-dev is already the newest version (1:18.0-59~exp2).
0 upgraded, 0 newly installed, 0 to remove and 6 not upgraded.
Configured: 
/usr/bin/llvm-ar
/usr/bin/clang
-C link-arg=-s
cp ./target/wasm32-unknown-unknown/release/*.wasm ./secret-gateway-contract.wasm
wasm-opt -Os ./secret-gateway-contract.wasm -o ./secret-gateway-contract.wasm --enable-threads --enable-bulk-memory --all-features
cat ./secret-gateway-contract.wasm | gzip -9 > ./secret-gateway-contract.wasm.gz
➤ YN0000: · Yarn 4.5.3
➤ YN0000: ┌ Resolution step
➤ YN0000: └ Completed in 0s 820ms
➤ YN0000: ┌ Post-resolution validation
➤ YN0060: │ ethers is listed by your project with version 6.13.4 (pac853), which doesn't satisfy what @typechain/ethers-v5 and other dependencies request (but they have non-overlapping ranges!).
➤ YN0060: │ typechain is listed by your project with version 8.1.1 (pef6fd), which doesn't satisfy what @typechain/ethers-v5 and other dependencies request (^8.3.2).
➤ YN0002: │ @se-2/hardhat@workspace:packages/hardhat doesn't provide @types/node (pf76ad), requested by ts-node.
➤ YN0002: │ @se-2/nextjs@workspace:packages/nextjs doesn't provide @typescript-eslint/parser (p978f6), requested by @typescript-eslint/eslint-plugin.
➤ YN0002: │ se-2@workspace:. doesn't provide eslint (pc51ae), requested by eslint-plugin-react.
➤ YN0002: │ se-2@workspace:. doesn't provide react (p02851), requested by qrcode.react.
➤ YN0086: │ Some peer dependencies are incorrectly met by your project; run yarn explain peer-requirements <hash> for details, where <hash> is the six-letter p-prefixed code.
➤ YN0086: │ Some peer dependencies are incorrectly met by dependencies; run yarn explain peer-requirements for details.
➤ YN0000: └ Completed
➤ YN0000: ┌ Fetch step
➤ YN0000: └ Completed in 1s 197ms
➤ YN0000: ┌ Link step
➤ YN0000: └ Completed in 1s 421ms
➤ YN0000: · Done with warnings in 3s 612ms
__dirname:  /root/nunya/packages/secret-contracts-scripts/dist
wallet address:  secret1ap26qrlp8mcq2pg6r47w43l0y8zkqm8a450s03
rootPath /root/nunya/
secretEndpoint:  http://172.105.184.209:1317
isLocal - relayerPath:  /root/nunya/packages/relayer
Updated deployed.json secret-contracts-scripts:  {
  "data": {
    "relayer": {
      "path": "/root/nunya/packages/relayer"
    },
    "evm": {
      "network": "localhost",
      "localhost": {
        "chainId": "31337",
        "endpoint": "http://127.0.0.1:8545",
        "nunyaBusinessContractAddress": "0x5FbDB2315678afecb367f032d93F642f64180aa3",
        "gatewayContractAddress": "0xe7f1725E7734CE288F8367e1Bb143E90bb3F0512"
      },
      "sepolia": {
        "chainId": "11155111",
        "endpoint": "",
        "nunyaBusinessContractAddress": "0xAFFF311821C3F3AF863C7103BB17BDC1Ba04603D",
        "gatewayContractAddress": "0x1E4B12A9F82b33DA1127B27861EFf5E652de7a6F"
      }
    },
    "secret": {
      "network": "localhost",
      "testnet": {
        "chainId": "",
        "endpoint": "",
        "secretNunya": {
          "nunyaContractCodeId": "",
          "nunyaContractCodeHash": "",
          "nunyaContractAddress": ""
        },
        "secretGateway": {
          "gatewayContractCodeId": "",
          "gatewayContractAddress": "",
          "gatewayContractCodeHash": "",
          "gatewayContractAdminAddress": "",
          "gatewayContractPublicKey": "",
          "gatewayContractEncryptionKeyForChaChaPoly1305": ""
        }
      },
      "localhost": {
        "chainId": "secretdev-1",
        "endpoint": "http://172.105.184.209:1317",
        "secretNunya": {
          "nunyaContractCodeId": "2",
          "nunyaContractCodeHash": "0e1904c8f258b365d24865041ab51de62fdbf515d15e8fe785774662201c809a",
          "nunyaContractAddress": "secret1gyruqan6yxf0q423t8z5zce3x7np35uw8s8wqc"
        },
        "secretGateway": {
          "gatewayContractCodeId": "2",
          "gatewayContractAddress": "secret1gyruqan6yxf0q423t8z5zce3x7np35uw8s8wqc",
          "gatewayContractCodeHash": "28e460006f968e69d48797832c22a564c3077e170a63c772bcc077f099da14ba",
          "gatewayContractAdminAddress": "secret1glfedwlusunwly7q05umghzwl6nf2vj6wr38fg",
          "gatewayContractPublicKey": "0x041401d96329bc48ec810b3ca8140b419c0ab6b820a0fb0775e2bc5234d37f8da0fea791b1d14a70347d9e2ca1b025a94b3182ee32f7761de31176dfdc979a8fa0",
          "gatewayContractEncryptionKeyForChaChaPoly1305": "AhQB2WMpvEjsgQs8qBQLQZwKtrggoPsHdeK8UjTTf42g"
        }
      }
    }
  }
}
__dirname:  /root/nunya/packages/secret-contracts-scripts/dist
wallet address:  secret1ap26qrlp8mcq2pg6r47w43l0y8zkqm8a450s03
rootPath /root/nunya/
contract_wasm:  <Buffer 1f 8b 08 00 00 00 00 00 02 03 ec 3b 6d 70 5c d5 75 f7 de 73 df 7b 2b bd d5 ea c9 5a 82 00 27 79 bb d1 74 56 33 56 6c 32 45 72 8d 7e f8 69 b0 0b 83 1b ... 149645 more bytes>
gatewayContractPublicKeyBase64:  BBQB2WMpvEjsgQs8qBQLQZwKtrggoPsHdeK8UjTTf42g/qeRsdFKcDR9niyhsCWpSzGC7jL3dh3jEXbf3Jeaj6A=
Reading package lists...
Building dependency tree...
Reading state information...
jq is already the newest version (1.7.1-3build1).
0 upgraded, 0 newly installed, 0 to remove and 6 not upgraded.
Folder: /root/nunya
deployed.json: {
  "data": {
    "relayer": {
      "path": "/root/nunya/packages/relayer"
    },
    "evm": {
      "network": "localhost",
      "localhost": {
        "chainId": "31337",
        "endpoint": "http://127.0.0.1:8545",
        "nunyaBusinessContractAddress": "0x5FbDB2315678afecb367f032d93F642f64180aa3",
        "gatewayContractAddress": "0xe7f1725E7734CE288F8367e1Bb143E90bb3F0512"
      },
      "sepolia": {
        "chainId": "11155111",
        "endpoint": "",
        "nunyaBusinessContractAddress": "0xAFFF311821C3F3AF863C7103BB17BDC1Ba04603D",
        "gatewayContractAddress": "0x1E4B12A9F82b33DA1127B27861EFf5E652de7a6F"
      }
    },
    "secret": {
      "network": "localhost",
      "testnet": {
        "chainId": "",
        "endpoint": "",
        "secretNunya": {
          "nunyaContractCodeId": "",
          "nunyaContractCodeHash": "",
          "nunyaContractAddress": ""
        },
        "secretGateway": {
          "gatewayContractCodeId": "",
          "gatewayContractAddress": "",
          "gatewayContractCodeHash": "",
          "gatewayContractAdminAddress": "",
          "gatewayContractPublicKey": "",
          "gatewayContractEncryptionKeyForChaChaPoly1305": ""
        }
      },
      "localhost": {
        "chainId": "secretdev-1",
        "endpoint": "http://172.105.184.209:1317",
        "secretNunya": {
          "nunyaContractCodeId": "2",
          "nunyaContractCodeHash": "0e1904c8f258b365d24865041ab51de62fdbf515d15e8fe785774662201c809a",
          "nunyaContractAddress": "secret1gyruqan6yxf0q423t8z5zce3x7np35uw8s8wqc"
        },
        "secretGateway": {
          "gatewayContractCodeId": "2",
          "gatewayContractAddress": "secret1gyruqan6yxf0q423t8z5zce3x7np35uw8s8wqc",
          "gatewayContractCodeHash": "28e460006f968e69d48797832c22a564c3077e170a63c772bcc077f099da14ba",
          "gatewayContractAdminAddress": "secret1glfedwlusunwly7q05umghzwl6nf2vj6wr38fg",
          "gatewayContractPublicKey": "0x041401d96329bc48ec810b3ca8140b419c0ab6b820a0fb0775e2bc5234d37f8da0fea791b1d14a70347d9e2ca1b025a94b3182ee32f7761de31176dfdc979a8fa0",
          "gatewayContractEncryptionKeyForChaChaPoly1305": "AhQB2WMpvEjsgQs8qBQLQZwKtrggoPsHdeK8UjTTf42g"
        }
      }
    }
  }
}
RELAYER_PATH: /root/nunya/packages/relayer
set-relayer.sh
Reading package lists...
Building dependency tree...
Reading state information...
jq is already the newest version (1.7.1-3build1).
0 upgraded, 0 newly installed, 0 to remove and 6 not upgraded.
Folder: /root/nunya
deployed.json: {
  "data": {
    "relayer": {
      "path": "/root/nunya/packages/relayer"
    },
    "evm": {
      "network": "localhost",
      "localhost": {
        "chainId": "31337",
        "endpoint": "http://127.0.0.1:8545",
        "nunyaBusinessContractAddress": "0x5FbDB2315678afecb367f032d93F642f64180aa3",
        "gatewayContractAddress": "0xe7f1725E7734CE288F8367e1Bb143E90bb3F0512"
      },
      "sepolia": {
        "chainId": "11155111",
        "endpoint": "",
        "nunyaBusinessContractAddress": "0xAFFF311821C3F3AF863C7103BB17BDC1Ba04603D",
        "gatewayContractAddress": "0x1E4B12A9F82b33DA1127B27861EFf5E652de7a6F"
      }
    },
    "secret": {
      "network": "localhost",
      "testnet": {
        "chainId": "",
        "endpoint": "",
        "secretNunya": {
          "nunyaContractCodeId": "",
          "nunyaContractCodeHash": "",
          "nunyaContractAddress": ""
        },
        "secretGateway": {
          "gatewayContractCodeId": "",
          "gatewayContractAddress": "",
          "gatewayContractCodeHash": "",
          "gatewayContractAdminAddress": "",
          "gatewayContractPublicKey": "",
          "gatewayContractEncryptionKeyForChaChaPoly1305": ""
        }
      },
      "localhost": {
        "chainId": "secretdev-1",
        "endpoint": "http://172.105.184.209:1317",
        "secretNunya": {
          "nunyaContractCodeId": "2",
          "nunyaContractCodeHash": "0e1904c8f258b365d24865041ab51de62fdbf515d15e8fe785774662201c809a",
          "nunyaContractAddress": "secret1gyruqan6yxf0q423t8z5zce3x7np35uw8s8wqc"
        },
        "secretGateway": {
          "gatewayContractCodeId": "2",
          "gatewayContractAddress": "secret1gyruqan6yxf0q423t8z5zce3x7np35uw8s8wqc",
          "gatewayContractCodeHash": "28e460006f968e69d48797832c22a564c3077e170a63c772bcc077f099da14ba",
          "gatewayContractAdminAddress": "secret1glfedwlusunwly7q05umghzwl6nf2vj6wr38fg",
          "gatewayContractPublicKey": "0x041401d96329bc48ec810b3ca8140b419c0ab6b820a0fb0775e2bc5234d37f8da0fea791b1d14a70347d9e2ca1b025a94b3182ee32f7761de31176dfdc979a8fa0",
          "gatewayContractEncryptionKeyForChaChaPoly1305": "AhQB2WMpvEjsgQs8qBQLQZwKtrggoPsHdeK8UjTTf42g"
        }
      }
    }
  }
}
RELAYER_PATH: /root/nunya/packages/relayer
Relayer config path: /root/nunya/packages/relayer/SecretPath/TNLS-Relayers/config.yml
Latest Secret Gateway code hash for localhost is 28e460006f968e69d48797832c22a564c3077e170a63c772bcc077f099da14ba
Latest Secret Gateway contract address for localhost is secret1gyruqan6yxf0q423t8z5zce3x7np35uw8s8wqc
Finished updating Secret Gateway code hash in the Relayer configuration
Finished updating Secret Gateway address in the Relayer configuration
info: The system user `relayer_service' already exists. Exiting.

● relayer.service - Relayer between Ethereum Network Development Node and Secret Network Development Node systemd service
     Loaded: loaded (/etc/systemd/system/relayer.service; enabled; preset: enabled)
     Active: active (running) since Thu 2025-01-02 12:59:55 UTC; 339ms ago
   Main PID: 714445 (bash)
      Tasks: 4 (limit: 4614)
     Memory: 21.1M (peak: 21.2M)
        CPU: 178ms
     CGroup: /system.slice/relayer.service
             ├─714445 bash /opt/relayer/start.sh
             ├─714447 bash /root/nunya/scripts/relayer/node.sh
             ├─714450 bash /root/nunya/scripts/relayer/node.sh
             └─714451 /root/miniconda3/bin/python /root/miniconda3/bin/conda shell.posix activate

Jan 02 12:59:55 localhost systemd[1]: Started relayer.service - Relayer between Ethereum Network Development Node and Secret Network Development Node systemd service.
Jan 02 12:59:55 localhost relayer[714445]: -----------------------
Jan 02 12:59:55 localhost relayer[714445]: Executing: /root/nunya/scripts/relayer/node.sh
Jan 02 12:59:55 localhost relayer[714445]: ----------------------
Found '/root/nunya/.nvmrc' with version <lts/hydrogen>
Now using node v18.20.5 (npm v10.8.2)
Finished loading
