root@localhost:~/nunya# yarn run secret:instantiateGateway
__dirname:  /root/nunya/packages/secret-contracts-scripts/dist
wallet address:  secret1ap26qrlp8mcq2pg6r47w43l0y8zkqm8a450s03
rootPath /root/nunya/
balance:  { denom: 'uscrt', amount: '999999999982750000' }
Instantiating contract...
params:  {
  codeId: '1',
  contractCodeHash: '97653655266e70774ab8f0bf2ee2c17ff4a7f47d2e2fd477c69b52476841277b'
}
tx:  {
  height: 1277,
  timestamp: '2024-12-16T23:14:53Z',
  transactionHash: 'DE73389AB7527A54981601AE1E4A5F543D2A4164AEC08C26D9B78D0950A894D8',
  code: 0,
  codespace: '',
  info: '',
  tx: {
    '@type': '/cosmos.tx.v1beta1.Tx',
    body: {
      messages: [Array],
      memo: '',
      timeout_height: '0',
      extension_options: [],
      non_critical_extension_options: []
    },
    auth_info: { signer_infos: [Array], fee: [Object], tip: null },
    signatures: [
      'B+VFej4aYqO3fT6AuMcUAAXgaa8CkpzovtylvQ0Ovb9PWJsYr+HgSK2ezrOhMZKTV6WubbhjdQXezmNaNePocw=='
    ]
  },
  rawLog: '',
  jsonLog: [ { msg_index: 0, events: [Array] } ],
  arrayLog: [
    {
      msg: 0,
      type: 'message',
      key: 'action',
      value: '/secret.compute.v1beta1.MsgInstantiateContract'
    },
    {
      msg: 0,
      type: 'message',
      key: 'sender',
      value: 'secret1ap26qrlp8mcq2pg6r47w43l0y8zkqm8a450s03'
    },
    {
      msg: 0,
      type: 'instantiate',
      key: 'contract_address',
      value: 'secret1mfk7n6mc2cg6lznujmeckdh4x0a5ezf6hx6y8q'
    },
    { msg: 0, type: 'instantiate', key: 'code_id', value: '1' },
    {
      msg: 0,
      type: 'wasm',
      key: 'contract_address',
      value: 'secret1mfk7n6mc2cg6lznujmeckdh4x0a5ezf6hx6y8q'
    },
    { msg: 0, type: 'message', key: 'module', value: 'compute' },
    {
      msg: 0,
      type: 'message',
      key: 'contract_address',
      value: 'secret1mfk7n6mc2cg6lznujmeckdh4x0a5ezf6hx6y8q'
    }
  ],
  events: [
    { type: 'coin_spent', attributes: [Array] },
    { type: 'coin_received', attributes: [Array] },
    { type: 'transfer', attributes: [Array] },
    { type: 'message', attributes: [Array] },
    { type: 'tx', attributes: [Array] },
    { type: 'tx', attributes: [Array] },
    { type: 'tx', attributes: [Array] },
    { type: 'message', attributes: [Array] },
    { type: 'instantiate', attributes: [Array] },
    { type: 'wasm', attributes: [Array] },
    { type: 'message', attributes: [Array] }
  ],
  data: [
    <Buffer 0a 2d 73 65 63 72 65 74 31 6d 66 6b 37 6e 36 6d 63 32 63 67 36 6c 7a 6e 75 6a 6d 65 63 6b 64 68 34 78 30 61 35 65 7a 66 36 68 78 36 79 38 71>
  ],
  gasUsed: 54663,
  gasWanted: 5000000,
  ibcResponses: []
}
SECRET_ADDRESS:  secret1mfk7n6mc2cg6lznujmeckdh4x0a5ezf6hx6y8q
