root@localhost:~/nunya# yarn run secret:instantiate
__dirname:  /root/nunya/packages/secret-contracts-scripts/dist
wallet address:  secret1ap26qrlp8mcq2pg6r47w43l0y8zkqm8a450s03
rootPath /root/nunya/
balance:  { denom: 'uscrt', amount: '999999999968000000' }
Instantiating contract...
params:  {
  codeId: '2',
  contractCodeHash: '63383ca7e11c16a248ec07ac6e12949ea1bc7a70e33077c306f7be75388ca54b'
}
tx:  {
  height: 404,
  timestamp: '2024-12-17T01:51:25Z',
  transactionHash: '775F103EB8FDD0D056494D42D99C51377546807BB67B29F005D1B6B7BDA2404F',
  code: 0,
  codespace: '',
  info: '',
  tx: {
    '@type': '/cosmos.tx.v1beta1.Tx',
    body: {
      messages: [Array],
      memo: '',
      timeout_height: '0',
      extension_options: [],
      non_critical_extension_options: []
    },
    auth_info: { signer_infos: [Array], fee: [Object], tip: null },
    signatures: [
      '4NtsrykhaHCnsaUAAmBy/vMi4xBQdltGiuicqoQl99R/+GNMId/9WvtmQ7zwWGWeOl+UM1ZSyvJ0MK3rUXYQ8g=='
    ]
  },
  rawLog: '',
  jsonLog: [ { msg_index: 0, events: [Array] } ],
  arrayLog: [
    {
      msg: 0,
      type: 'message',
      key: 'action',
      value: '/secret.compute.v1beta1.MsgInstantiateContract'
    },
    {
      msg: 0,
      type: 'message',
      key: 'sender',
      value: 'secret1ap26qrlp8mcq2pg6r47w43l0y8zkqm8a450s03'
    },
    {
      msg: 0,
      type: 'instantiate',
      key: 'contract_address',
      value: 'secret1gyruqan6yxf0q423t8z5zce3x7np35uw8s8wqc'
    },
    { msg: 0, type: 'instantiate', key: 'code_id', value: '2' },
    {
      msg: 0,
      type: 'wasm',
      key: 'contract_address',
      value: 'secret1gyruqan6yxf0q423t8z5zce3x7np35uw8s8wqc'
    },
    { msg: 0, type: 'message', key: 'module', value: 'compute' },
    {
      msg: 0,
      type: 'message',
      key: 'contract_address',
      value: 'secret1gyruqan6yxf0q423t8z5zce3x7np35uw8s8wqc'
    }
  ],
  events: [
    { type: 'coin_spent', attributes: [Array] },
    { type: 'coin_received', attributes: [Array] },
    { type: 'transfer', attributes: [Array] },
    { type: 'message', attributes: [Array] },
    { type: 'tx', attributes: [Array] },
    { type: 'tx', attributes: [Array] },
    { type: 'tx', attributes: [Array] },
    { type: 'message', attributes: [Array] },
    { type: 'instantiate', attributes: [Array] },
    { type: 'wasm', attributes: [Array] },
    { type: 'message', attributes: [Array] }
  ],
  data: [
    <Buffer 0a 2d 73 65 63 72 65 74 31 67 79 72 75 71 61 6e 36 79 78 66 30 71 34 32 33 74 38 7a 35 7a 63 65 33 78 37 6e 70 33 35 75 77 38 73 38 77 71 63>
  ],
  gasUsed: 317978,
  gasWanted: 5000000,
  ibcResponses: []
}
SECRET_ADDRESS:  secret1gyruqan6yxf0q423t8z5zce3x7np35uw8s8wqc
