JsonRpcProvider {
  _isProvider: true,
  _events: [],
  _emitted: { block: -2 },
  disableCcipRead: false,
  formatter: Formatter {
    formats: {
      transaction: [Object],
      transactionRequest: [Object],
      receiptLog: [Object],
      receipt: [Object],
      block: [Object],
      blockWithTransactions: [Object],
      filter: [Object],
      filterLog: [Object]
    }
  },
  anyNetwork: false,
  _networkPromise: Promise { <pending> },
  _maxInternalBlockNumber: -1024,
  _lastBlockNumber: -2,
  _maxFilterBlockRange: 10,
  _pollingInterval: 4000,
  _fastQueryDate: 0,
  connection: { url: 'https://go.getblock.io/d9be982c38f64fd98d27533b1bff032c' },
  _nextId: 42
}
Public address: 0x83De04f1aad8ABF1883166B14A29c084b7B8AB59

signer is:  JsonRpcSigner {
  _isSigner: true,
  provider: JsonRpcProvider {
    _isProvider: true,
    _events: [],
    _emitted: { block: -2 },
    disableCcipRead: false,
    formatter: Formatter { formats: [Object] },
    anyNetwork: false,
    _networkPromise: Promise { <pending> },
    _maxInternalBlockNumber: -1024,
    _lastBlockNumber: -2,
    _maxFilterBlockRange: 10,
    _pollingInterval: 4000,
    _fastQueryDate: 0,
    connection: { url: 'https://go.getblock.io/d9be982c38f64fd98d27533b1bff032c' },
    _nextId: 43,
    _eventLoopCache: { detectNetwork: null, eth_chainId: null }
  },
  _index: 0,
  _address: null
}
balance: 6.927992735530947
lastNonce: 40
Current block number:  7205597
CustomGateway:  0x1E4B12A9F82b33DA1127B27861EFf5E652de7a6F
taskDestinationNetwork:  pulsar-3
responseSetUnsafeSetSecretContractInfo {
  type: 2,
  chainId: 11155111,
  nonce: 40,
  maxPriorityFeePerGas: BigNumber { _hex: '0x030d40', _isBigNumber: true },
  maxFeePerGas: BigNumber { _hex: '0x030d40', _isBigNumber: true },
  gasPrice: null,
  gasLimit: BigNumber { _hex: '0x989680', _isBigNumber: true },
  to: '0xAFFF311821C3F3AF863C7103BB17BDC1Ba04603D',
  value: BigNumber { _hex: '0x5af3107a4000', _isBigNumber: true },
  data: '0x00c3c3f0000000000000000000000000000000000000000000000000000000000000004000000000000000000000000000000000000000000000000000000000000000a0000000000000000000000000000000000000000000000000000000000000002d73656372657431683039776864337a3873396d7336366d61766439726a6d387232727065773274726d306e6b7000000000000000000000000000000000000000000000000000000000000000000000000000000000000000000000000000004062343430343963626631383739333964663966393835373930353139376563626330366539393730326233333332623132636236643936386633396438386232',
  accessList: [],
  hash: '0x0a4398851d86ca491bed8459cb8932f71010c2972268d0f6d45673a1d2de7418',
  v: 1,
  r: '0x0a6f8c44aa1af32769a515b1046b7755c272ce7fb6ab67c67ab5eeedb8e57913',
  s: '0x117d8327f19cf4951166c73fa3d852e936276540d57c60bf7a4a9d3c8dab209b',
  from: '0x83De04f1aad8ABF1883166B14A29c084b7B8AB59',
  confirmations: 0,
  wait: [Function (anonymous)]
}
