2024-12-21 14:47:46,714 [Relayer: INFO] Routing task {'task_destination_network': 'secretdev-1', 'task_data': {'task_id': '1', 'source_network': '31337', 'user_address': '0xf39Fd6e51aad88F6F4ce6aB8827279cffFb92266', 'routing_info': 'secret1gyruqan6yxf0q423t8z5zce3x7np35uw8s8wqc', 'payload_hash': b'\x8e\xae\xc3\xb8W8YD\x86v\x88Q\x88$]\x9b\x92\xa4\xf7\xe0?i\x86\xe4\x8f\xbb\xf3\xf8s\x92\x9dd', 'user_key': b'A4K+MyJNnNcdt78SncjhArLWNnDRHapkZFsemjmf9/7A', 'user_pubkey': b'A4K+MyJNnNcdt78SncjhArLWNnDRHapkZFsemjmf9/7A', 'routing_code_hash': 'bd379de6cac6c154690c2c398631ccbcad13bd3242486356e764cf23327aa623', 'task_destination_network': 'secretdev-1', 'handle': 'request_value', 'nonce': b'\x01\x00\x00\x00\x00\x00\x00\x00\x00\x00\x00\x00', 'callback_gas_limit': 30000000, 'payload': b'{"data":"{\\"myArg\\":123}","routing_info":"secret1gyruqan6yxf0q423t8z5zce3x7np35uw8s8wqc","routing_code_hash":"bd379de6cac6c154690c2c398631ccbcad13bd3242486356e764cf23327aa623","user_address":"secret1glfedwlusunwly7q05umghzwl6nf2vj6wr38fg","user_key":"A4K+MyJNnNcdt78SncjhArLWNnDRHapkZFsemjmf9/7A","callback_address":"X72yMVZ4r+yzZ/Ay2T9kL2QYCqM=","callback_selector":"D3r2Eg==","callback_gas_limit":30000000}', 'payload_signature': b'\x00\x00'}}
2024-12-21 14:47:46,714 [SCRT Interface: INFO] Using arguments {'input': {'inputs': {'task_id': '1', 'source_network': '31337', 'user_address': '0xf39Fd6e51aad88F6F4ce6aB8827279cffFb92266', 'routing_info': 'secret1gyruqan6yxf0q423t8z5zce3x7np35uw8s8wqc', 'payload_hash': 'jq7DuFc4WUSGdohRiCRdm5Kk9+A/aYbkj7vz+HOSnWQ=', 'user_key': 'QTRLK015Sk5uTmNkdDc4U25jamhBckxXTm5EUkhhcGtaRnNlbWptZjkvN0E=', 'user_pubkey': 'QTRLK015Sk5uTmNkdDc4U25jamhBckxXTm5EUkhhcGtaRnNlbWptZjkvN0E=', 'routing_code_hash': 'bd379de6cac6c154690c2c398631ccbcad13bd3242486356e764cf23327aa623', 'handle': 'request_value', 'nonce': 'AQAAAAAAAAAAAAAA', 'callback_gas_limit': 30000000, 'payload': 'eyJkYXRhIjoie1wibXlBcmdcIjoxMjN9Iiwicm91dGluZ19pbmZvIjoic2VjcmV0MWd5cnVxYW42eXhmMHE0MjN0OHo1emNlM3g3bnAzNXV3OHM4d3FjIiwicm91dGluZ19jb2RlX2hhc2giOiJiZDM3OWRlNmNhYzZjMTU0NjkwYzJjMzk4NjMxY2NiY2FkMTNiZDMyNDI0ODYzNTZlNzY0Y2YyMzMyN2FhNjIzIiwidXNlcl9hZGRyZXNzIjoic2VjcmV0MWdsZmVkd2x1c3Vud2x5N3EwNXVtZ2h6d2w2bmYydmo2d3IzOGZnIiwidXNlcl9rZXkiOiJBNEsrTXlKTm5OY2R0NzhTbmNqaEFyTFdObkRSSGFwa1pGc2Vtam1mOS83QSIsImNhbGxiYWNrX2FkZHJlc3MiOiJYNzJ5TVZaNHIreXpaL0F5MlQ5a0wyUVlDcU09IiwiY2FsbGJhY2tfc2VsZWN0b3IiOiJEM3IyRWc9PSIsImNhbGxiYWNrX2dhc19saW1pdCI6MzAwMDAwMDB9', 'payload_signature': 'AA=='}}} to call function inputs at address secret1mfk7n6mc2cg6lznujmeckdh4x0a5ezf6hx6y8q
2024-12-21 14:47:46,714 [SCRT Interface: INFO] Using arguments {'input': {'inputs': {'task_id': '1', 'source_network': '31337', 'user_address': '0xf39Fd6e51aad88F6F4ce6aB8827279cffFb92266', 'routing_info': 'secret1gyruqan6yxf0q423t8z5zce3x7np35uw8s8wqc', 'payload_hash': 'jq7DuFc4WUSGdohRiCRdm5Kk9+A/aYbkj7vz+HOSnWQ=', 'user_key': 'QTRLK015Sk5uTmNkdDc4U25jamhBckxXTm5EUkhhcGtaRnNlbWptZjkvN0E=', 'user_pubkey': 'QTRLK015Sk5uTmNkdDc4U25jamhBckxXTm5EUkhhcGtaRnNlbWptZjkvN0E=', 'routing_code_hash': 'bd379de6cac6c154690c2c398631ccbcad13bd3242486356e764cf23327aa623', 'handle': 'request_value', 'nonce': 'AQAAAAAAAAAAAAAA', 'callback_gas_limit': 30000000, 'payload': 'eyJkYXRhIjoie1wibXlBcmdcIjoxMjN9Iiwicm91dGluZ19pbmZvIjoic2VjcmV0MWd5cnVxYW42eXhmMHE0MjN0OHo1emNlM3g3bnAzNXV3OHM4d3FjIiwicm91dGluZ19jb2RlX2hhc2giOiJiZDM3OWRlNmNhYzZjMTU0NjkwYzJjMzk4NjMxY2NiY2FkMTNiZDMyNDI0ODYzNTZlNzY0Y2YyMzMyN2FhNjIzIiwidXNlcl9hZGRyZXNzIjoic2VjcmV0MWdsZmVkd2x1c3Vud2x5N3EwNXVtZ2h6d2w2bmYydmo2d3IzOGZnIiwidXNlcl9rZXkiOiJBNEsrTXlKTm5OY2R0NzhTbmNqaEFyTFdObkRSSGFwa1pGc2Vtam1mOS83QSIsImNhbGxiYWNrX2FkZHJlc3MiOiJYNzJ5TVZaNHIreXpaL0F5MlQ5a0wyUVlDcU09IiwiY2FsbGJhY2tfc2VsZWN0b3IiOiJEM3IyRWc9PSIsImNhbGxiYWNrX2dhc19saW1pdCI6MzAwMDAwMDB9', 'payload_signature': 'AA=='}}} to call function inputs at address secret1mfk7n6mc2cg6lznujmeckdh4x0a5ezf6hx6y8q
Tx(body=TxBody(messages=[MsgExecuteContract(sender='secret1glfedwlusunwly7q05umghzwl6nf2vj6wr38fg', contract='secret1mfk7n6mc2cg6lznujmeckdh4x0a5ezf6hx6y8q', msg={'input': {'inputs': {'task_id': '1', 'source_network': '31337', 'user_address': '0xf39Fd6e51aad88F6F4ce6aB8827279cffFb92266', 'routing_info': 'secret1gyruqan6yxf0q423t8z5zce3x7np35uw8s8wqc', 'payload_hash': 'jq7DuFc4WUSGdohRiCRdm5Kk9+A/aYbkj7vz+HOSnWQ=', 'user_key': 'QTRLK015Sk5uTmNkdDc4U25jamhBckxXTm5EUkhhcGtaRnNlbWptZjkvN0E=', 'user_pubkey': 'QTRLK015Sk5uTmNkdDc4U25jamhBckxXTm5EUkhhcGtaRnNlbWptZjkvN0E=', 'routing_code_hash': 'bd379de6cac6c154690c2c398631ccbcad13bd3242486356e764cf23327aa623', 'handle': 'request_value', 'nonce': 'AQAAAAAAAAAAAAAA', 'callback_gas_limit': 30000000, 'payload': 'eyJkYXRhIjoie1wibXlBcmdcIjoxMjN9Iiwicm91dGluZ19pbmZvIjoic2VjcmV0MWd5cnVxYW42eXhmMHE0MjN0OHo1emNlM3g3bnAzNXV3OHM4d3FjIiwicm91dGluZ19jb2RlX2hhc2giOiJiZDM3OWRlNmNhYzZjMTU0NjkwYzJjMzk4NjMxY2NiY2FkMTNiZDMyNDI0ODYzNTZlNzY0Y2YyMzMyN2FhNjIzIiwidXNlcl9hZGRyZXNzIjoic2VjcmV0MWdsZmVkd2x1c3Vud2x5N3EwNXVtZ2h6d2w2bmYydmo2d3IzOGZnIiwidXNlcl9rZXkiOiJBNEsrTXlKTm5OY2R0NzhTbmNqaEFyTFdObkRSSGFwa1pGc2Vtam1mOS83QSIsImNhbGxiYWNrX2FkZHJlc3MiOiJYNzJ5TVZaNHIreXpaL0F5MlQ5a0wyUVlDcU09IiwiY2FsbGJhY2tfc2VsZWN0b3IiOiJEM3IyRWc9PSIsImNhbGxiYWNrX2dhc19saW1pdCI6MzAwMDAwMDB9', 'payload_signature': 'AA=='}}}, sent_funds=Coins(), code_hash='2fec99443c428e1b9261b41c80717affd8e027a736490ab438157b09f2c83a71', encryption_utils=<secret_sdk.util.encrypt_utils.EncryptionUtils object at 0x7ca0bda938d0>)], memo='', timeout_height=0), auth_info=AuthInfo(signer_infos=[SignerInfo(public_key=SimplePublicKey(key=b'\x03\x82\xbe3"M\x9c\xd7\x1d\xb7\xbf\x12\x9d\xc8\xe1\x02\xb2\xd66p\xd1\x1d\xaadd[\x1e\x9a9\x9f\xf7\xfe\xc0'), mode_info=ModeInfo(single=ModeInfoSingle(mode=<SignMode.SIGN_MODE_DIRECT: 1>), multi=None), sequence=0)], fee=Fee(gas_limit=3000000, amount=Coins('300000uscrt'), payer='', granter='')), signatures=[b'\xa7g\xbc\xcc\xd8}\x11\xd2\xc0\x8e\x93\xb7]\xd9\\\x18\x0f\x05\xdfX1\xb1\x1f\xff\xaff\x9b\xaf\x8e\x87\x1b\xbeG\xc9\'_\xa9\xb6\xad\x8bLK\xb5<0\x8bg"\xec\xd8\xef\xb4\x83\xe9\x8a\xd1,\x970\xd8\xe93*\xb4'])
SyncTxBroadcastResult(txhash='DD6D019F355E13B2234C51243C3D3354381F3ED797DAB69A2EED0406BB0A30B1', raw_log='', code=0, codespace='')
2024-12-21 14:47:46,785 [SCRT Interface: INFO] Transaction broadcasted with hash: DD6D019F355E13B2234C51243C3D3354381F3ED797DAB69A2EED0406BB0A30B1
2024-12-21 14:47:46,785 [SCRT Interface: INFO] Transaction broadcasted with hash: DD6D019F355E13B2234C51243C3D3354381F3ED797DAB69A2EED0406BB0A30B1
2024-12-21 14:47:46,793 [SCRT Interface: INFO] Transaction not found, retrying... (1/20)
2024-12-21 14:47:46,793 [SCRT Interface: INFO] Transaction not found, retrying... (1/20)
2024-12-21 14:47:47,720 [Relayer: INFO] Polled for transactions, now have 0 remaining
2024-12-21 14:47:48,725 [Relayer: INFO] Polled for transactions, now have 0 remaining
2024-12-21 14:47:49,436 [ETH Interface: INFO] Starting Chain-id 31337 nonce sync
2024-12-21 14:47:49,436 [ETH Interface: INFO] Starting Chain-id 31337 nonce sync
2024-12-21 14:47:49,440 [ETH Interface: INFO] Chain-id 31337 nonce synced
2024-12-21 14:47:49,440 [ETH Interface: INFO] Chain-id 31337 nonce synced
2024-12-21 14:47:49,483 [SCRT Interface: INFO] Starting Secret sequence sync
2024-12-21 14:47:49,483 [SCRT Interface: INFO] Starting Secret sequence sync
2024-12-21 14:47:49,484 [SCRT Interface: INFO] sync_account_number_and_sequence: self.address: secret1glfedwlusunwly7q05umghzwl6nf2vj6wr38fg
2024-12-21 14:47:49,484 [SCRT Interface: INFO] sync_account_number_and_sequence: self.address: secret1glfedwlusunwly7q05umghzwl6nf2vj6wr38fg
2024-12-21 14:47:49,484 [SCRT Interface: INFO] sync_account_number_and_sequence: url: http://127.0.0.1:1317/cosmos/auth/v1beta1/accounts/secret1glfedwlusunwly7q05umghzwl6nf2vj6wr38fg
2024-12-21 14:47:49,484 [SCRT Interface: INFO] sync_account_number_and_sequence: url: http://127.0.0.1:1317/cosmos/auth/v1beta1/accounts/secret1glfedwlusunwly7q05umghzwl6nf2vj6wr38fg
2024-12-21 14:47:49,491 [SCRT Interface: INFO] sync_account_number_and_sequence: account_info {'@type': '/cosmos.auth.v1beta1.BaseAccount', 'address': 'secret1glfedwlusunwly7q05umghzwl6nf2vj6wr38fg', 'pub_key': {'@type': '/cosmos.crypto.secp256k1.PubKey', 'key': 'A4K+MyJNnNcdt78SncjhArLWNnDRHapkZFsemjmf9/7A'}, 'account_number': '13', 'sequence': '1'}
2024-12-21 14:47:49,491 [SCRT Interface: INFO] sync_account_number_and_sequence: account_info {'@type': '/cosmos.auth.v1beta1.BaseAccount', 'address': 'secret1glfedwlusunwly7q05umghzwl6nf2vj6wr38fg', 'pub_key': {'@type': '/cosmos.crypto.secp256k1.PubKey', 'key': 'A4K+MyJNnNcdt78SncjhArLWNnDRHapkZFsemjmf9/7A'}, 'account_number': '13', 'sequence': '1'}
2024-12-21 14:47:49,491 [SCRT Interface: INFO] sync_account_number_and_sequence: self.sequence 1
2024-12-21 14:47:49,491 [SCRT Interface: INFO] sync_account_number_and_sequence: self.sequence 1
2024-12-21 14:47:49,492 [SCRT Interface: INFO] Secret sequence synced: self.sequence 1
2024-12-21 14:47:49,492 [SCRT Interface: INFO] Secret sequence synced: self.sequence 1
2024-12-21 14:47:49,731 [Relayer: INFO] Polled for transactions, now have 0 remaining
2024-12-21 14:47:49,820 [SCRT Interface: INFO] Transaction included in block: 88
2024-12-21 14:47:49,820 [SCRT Interface: INFO] Transaction included in block: 88
2024-12-21 14:47:49,820 [SCRT Interface: INFO] Transaction result: TxInfo(height=88, txhash='DD6D019F355E13B2234C51243C3D3354381F3ED797DAB69A2EED0406BB0A30B1', rawlog='failed to execute message; message index: 0: Execution error: Enclave: failed to validate transaction: execute contract failed', logs=[], events=[{'type': 'coin_spent', 'attributes': [{'key': 'spender', 'value': 'secret1glfedwlusunwly7q05umghzwl6nf2vj6wr38fg', 'index': True}, {'key': 'amount', 'value': '300000uscrt', 'index': True}]}, {'type': 'coin_received', 'attributes': [{'key': 'receiver', 'value': 'secret17xpfvakm2amg962yls6f84z3kell8c5ljuhfkp', 'index': True}, {'key': 'amount', 'value': '300000uscrt', 'index': True}]}, {'type': 'transfer', 'attributes': [{'key': 'recipient', 'value': 'secret17xpfvakm2amg962yls6f84z3kell8c5ljuhfkp', 'index': True}, {'key': 'sender', 'value': 'secret1glfedwlusunwly7q05umghzwl6nf2vj6wr38fg', 'index': True}, {'key': 'amount', 'value': '300000uscrt', 'index': True}]}, {'type': 'message', 'attributes': [{'key': 'sender', 'value': 'secret1glfedwlusunwly7q05umghzwl6nf2vj6wr38fg', 'index': True}]}, {'type': 'tx', 'attributes': [{'key': 'fee', 'value': '300000uscrt', 'index': True}, {'key': 'fee_payer', 'value': 'secret1glfedwlusunwly7q05umghzwl6nf2vj6wr38fg', 'index': True}]}, {'type': 'tx', 'attributes': [{'key': 'acc_seq', 'value': 'secret1glfedwlusunwly7q05umghzwl6nf2vj6wr38fg/0', 'index': True}]}, {'type': 'tx', 'attributes': [{'key': 'signature', 'value': 'p2e8zNh9EdLAjpO3XdlcGA8F31gxsR//r2abr46HG75HySdfqbati0xLtTwwi2ci7NjvtIPpitEslzDY6TMqtA==', 'index': True}]}], gas_wanted=3000000, gas_used=45386, tx=Tx(body=TxBody(messages=[MsgExecuteContract(sender='secret1glfedwlusunwly7q05umghzwl6nf2vj6wr38fg', contract='secret1mfk7n6mc2cg6lznujmeckdh4x0a5ezf6hx6y8q', msg='{"input":{"inputs":{"task_id":"1","source_network":"31337","user_address":"0xf39Fd6e51aad88F6F4ce6aB8827279cffFb92266","routing_info":"secret1gyruqan6yxf0q423t8z5zce3x7np35uw8s8wqc","payload_hash":"jq7DuFc4WUSGdohRiCRdm5Kk9+A/aYbkj7vz+HOSnWQ=","user_key":"QTRLK015Sk5uTmNkdDc4U25jamhBckxXTm5EUkhhcGtaRnNlbWptZjkvN0E=","user_pubkey":"QTRLK015Sk5uTmNkdDc4U25jamhBckxXTm5EUkhhcGtaRnNlbWptZjkvN0E=","routing_code_hash":"bd379de6cac6c154690c2c398631ccbcad13bd3242486356e764cf23327aa623","handle":"request_value","nonce":"AQAAAAAAAAAAAAAA","callback_gas_limit":30000000,"payload":"eyJkYXRhIjoie1wibXlBcmdcIjoxMjN9Iiwicm91dGluZ19pbmZvIjoic2VjcmV0MWd5cnVxYW42eXhmMHE0MjN0OHo1emNlM3g3bnAzNXV3OHM4d3FjIiwicm91dGluZ19jb2RlX2hhc2giOiJiZDM3OWRlNmNhYzZjMTU0NjkwYzJjMzk4NjMxY2NiY2FkMTNiZDMyNDI0ODYzNTZlNzY0Y2YyMzMyN2FhNjIzIiwidXNlcl9hZGRyZXNzIjoic2VjcmV0MWdsZmVkd2x1c3Vud2x5N3EwNXVtZ2h6d2w2bmYydmo2d3IzOGZnIiwidXNlcl9rZXkiOiJBNEsrTXlKTm5OY2R0NzhTbmNqaEFyTFdObkRSSGFwa1pGc2Vtam1mOS83QSIsImNhbGxiYWNrX2FkZHJlc3MiOiJYNzJ5TVZaNHIreXpaL0F5MlQ5a0wyUVlDcU09IiwiY2FsbGJhY2tfc2VsZWN0b3IiOiJEM3IyRWc9PSIsImNhbGxiYWNrX2dhc19saW1pdCI6MzAwMDAwMDB9","payload_signature":"AA=="}}}', sent_funds=Coins(), code_hash='', encryption_utils=<secret_sdk.util.encrypt_utils.EncryptionUtils object at 0x7ca0bda938d0>)], memo='', timeout_height=0), auth_info=AuthInfo(signer_infos=[SignerInfo(public_key=SimplePublicKey(key=b'\x03\x82\xbe3"M\x9c\xd7\x1d\xb7\xbf\x12\x9d\xc8\xe1\x02\xb2\xd66p\xd1\x1d\xaadd[\x1e\x9a9\x9f\xf7\xfe\xc0'), mode_info=ModeInfo(single=ModeInfoSingle(mode=<SignMode.SIGN_MODE_DIRECT: 1>), multi=None), sequence=0)], fee=Fee(gas_limit=3000000, amount=Coins('300000uscrt'), payer='', granter='')), signatures=[b'\xa7g\xbc\xcc\xd8}\x11\xd2\xc0\x8e\x93\xb7]\xd9\\\x18\x0f\x05\xdfX1\xb1\x1f\xff\xaff\x9b\xaf\x8e\x87\x1b\xbeG\xc9\'_\xa9\xb6\xad\x8bLK\xb5<0\x8bg"\xec\xd8\xef\xb4\x83\xe9\x8a\xd1,\x970\xd8\xe93*\xb4']), timestamp='2024-12-21T14:47:43Z', code=3, codespace=None, tx_bytes=None, data=[])
2024-12-21 14:47:49,820 [SCRT Interface: INFO] Transaction result: TxInfo(height=88, txhash='DD6D019F355E13B2234C51243C3D3354381F3ED797DAB69A2EED0406BB0A30B1', rawlog='failed to execute message; message index: 0: Execution error: Enclave: failed to validate transaction: execute contract failed', logs=[], events=[{'type': 'coin_spent', 'attributes': [{'key': 'spender', 'value': 'secret1glfedwlusunwly7q05umghzwl6nf2vj6wr38fg', 'index': True}, {'key': 'amount', 'value': '300000uscrt', 'index': True}]}, {'type': 'coin_received', 'attributes': [{'key': 'receiver', 'value': 'secret17xpfvakm2amg962yls6f84z3kell8c5ljuhfkp', 'index': True}, {'key': 'amount', 'value': '300000uscrt', 'index': True}]}, {'type': 'transfer', 'attributes': [{'key': 'recipient', 'value': 'secret17xpfvakm2amg962yls6f84z3kell8c5ljuhfkp', 'index': True}, {'key': 'sender', 'value': 'secret1glfedwlusunwly7q05umghzwl6nf2vj6wr38fg', 'index': True}, {'key': 'amount', 'value': '300000uscrt', 'index': True}]}, {'type': 'message', 'attributes': [{'key': 'sender', 'value': 'secret1glfedwlusunwly7q05umghzwl6nf2vj6wr38fg', 'index': True}]}, {'type': 'tx', 'attributes': [{'key': 'fee', 'value': '300000uscrt', 'index': True}, {'key': 'fee_payer', 'value': 'secret1glfedwlusunwly7q05umghzwl6nf2vj6wr38fg', 'index': True}]}, {'type': 'tx', 'attributes': [{'key': 'acc_seq', 'value': 'secret1glfedwlusunwly7q05umghzwl6nf2vj6wr38fg/0', 'index': True}]}, {'type': 'tx', 'attributes': [{'key': 'signature', 'value': 'p2e8zNh9EdLAjpO3XdlcGA8F31gxsR//r2abr46HG75HySdfqbati0xLtTwwi2ci7NjvtIPpitEslzDY6TMqtA==', 'index': True}]}], gas_wanted=3000000, gas_used=45386, tx=Tx(body=TxBody(messages=[MsgExecuteContract(sender='secret1glfedwlusunwly7q05umghzwl6nf2vj6wr38fg', contract='secret1mfk7n6mc2cg6lznujmeckdh4x0a5ezf6hx6y8q', msg='{"input":{"inputs":{"task_id":"1","source_network":"31337","user_address":"0xf39Fd6e51aad88F6F4ce6aB8827279cffFb92266","routing_info":"secret1gyruqan6yxf0q423t8z5zce3x7np35uw8s8wqc","payload_hash":"jq7DuFc4WUSGdohRiCRdm5Kk9+A/aYbkj7vz+HOSnWQ=","user_key":"QTRLK015Sk5uTmNkdDc4U25jamhBckxXTm5EUkhhcGtaRnNlbWptZjkvN0E=","user_pubkey":"QTRLK015Sk5uTmNkdDc4U25jamhBckxXTm5EUkhhcGtaRnNlbWptZjkvN0E=","routing_code_hash":"bd379de6cac6c154690c2c398631ccbcad13bd3242486356e764cf23327aa623","handle":"request_value","nonce":"AQAAAAAAAAAAAAAA","callback_gas_limit":30000000,"payload":"eyJkYXRhIjoie1wibXlBcmdcIjoxMjN9Iiwicm91dGluZ19pbmZvIjoic2VjcmV0MWd5cnVxYW42eXhmMHE0MjN0OHo1emNlM3g3bnAzNXV3OHM4d3FjIiwicm91dGluZ19jb2RlX2hhc2giOiJiZDM3OWRlNmNhYzZjMTU0NjkwYzJjMzk4NjMxY2NiY2FkMTNiZDMyNDI0ODYzNTZlNzY0Y2YyMzMyN2FhNjIzIiwidXNlcl9hZGRyZXNzIjoic2VjcmV0MWdsZmVkd2x1c3Vud2x5N3EwNXVtZ2h6d2w2bmYydmo2d3IzOGZnIiwidXNlcl9rZXkiOiJBNEsrTXlKTm5OY2R0NzhTbmNqaEFyTFdObkRSSGFwa1pGc2Vtam1mOS83QSIsImNhbGxiYWNrX2FkZHJlc3MiOiJYNzJ5TVZaNHIreXpaL0F5MlQ5a0wyUVlDcU09IiwiY2FsbGJhY2tfc2VsZWN0b3IiOiJEM3IyRWc9PSIsImNhbGxiYWNrX2dhc19saW1pdCI6MzAwMDAwMDB9","payload_signature":"AA=="}}}', sent_funds=Coins(), code_hash='', encryption_utils=<secret_sdk.util.encrypt_utils.EncryptionUtils object at 0x7ca0bda938d0>)], memo='', timeout_height=0), auth_info=AuthInfo(signer_infos=[SignerInfo(public_key=SimplePublicKey(key=b'\x03\x82\xbe3"M\x9c\xd7\x1d\xb7\xbf\x12\x9d\xc8\xe1\x02\xb2\xd66p\xd1\x1d\xaadd[\x1e\x9a9\x9f\xf7\xfe\xc0'), mode_info=ModeInfo(single=ModeInfoSingle(mode=<SignMode.SIGN_MODE_DIRECT: 1>), multi=None), sequence=0)], fee=Fee(gas_limit=3000000, amount=Coins('300000uscrt'), payer='', granter='')), signatures=[b'\xa7g\xbc\xcc\xd8}\x11\xd2\xc0\x8e\x93\xb7]\xd9\\\x18\x0f\x05\xdfX1\xb1\x1f\xff\xaff\x9b\xaf\x8e\x87\x1b\xbeG\xc9\'_\xa9\xb6\xad\x8bLK\xb5<0\x8bg"\xec\xd8\xef\xb4\x83\xe9\x8a\xd1,\x970\xd8\xe93*\xb4']), timestamp='2024-12-21T14:47:43Z', code=3, codespace=None, tx_bytes=None, data=[])
2024-12-21 14:47:49,821 [SCRT Interface: INFO] Transaction result: []
2024-12-21 14:47:49,821 [SCRT Interface: INFO] Transaction result: []
2024-12-21 14:47:49,821 [Relayer: INFO] Routed {"task_id": "1", "source_network": "31337", "user_address": "0xf39Fd6e51aad88F6F4ce6aB8827279cffFb92266", "routing_info": "secret1gyruqan6yxf0q423t8z5zce3x7np35uw8s8wqc", "payload_hash": "jq7DuFc4WUSGdohRiCRdm5Kk9+A/aYbkj7vz+HOSnWQ=", "user_key": "QTRLK015Sk5uTmNkdDc4U25jamhBckxXTm5EUkhhcGtaRnNlbWptZjkvN0E=", "user_pubkey": "QTRLK015Sk5uTmNkdDc4U25jamhBckxXTm5EUkhhcGtaRnNlbWptZjkvN0E=", "routing_code_hash": "bd379de6cac6c154690c2c398631ccbcad13bd3242486356e764cf23327aa623", "task_destination_network": "secretdev-1", "handle": "request_value", "nonce": "AQAAAAAAAAAAAAAA", "callback_gas_limit": 30000000, "payload": "eyJkYXRhIjoie1wibXlBcmdcIjoxMjN9Iiwicm91dGluZ19pbmZvIjoic2VjcmV0MWd5cnVxYW42eXhmMHE0MjN0OHo1emNlM3g3bnAzNXV3OHM4d3FjIiwicm91dGluZ19jb2RlX2hhc2giOiJiZDM3OWRlNmNhYzZjMTU0NjkwYzJjMzk4NjMxY2NiY2FkMTNiZDMyNDI0ODYzNTZlNzY0Y2YyMzMyN2FhNjIzIiwidXNlcl9hZGRyZXNzIjoic2VjcmV0MWdsZmVkd2x1c3Vud2x5N3EwNXVtZ2h6d2w2bmYydmo2d3IzOGZnIiwidXNlcl9rZXkiOiJBNEsrTXlKTm5OY2R0NzhTbmNqaEFyTFdObkRSSGFwa1pGc2Vtam1mOS83QSIsImNhbGxiYWNrX2FkZHJlc3MiOiJYNzJ5TVZaNHIreXpaL0F5MlQ5a0wyUVlDcU09IiwiY2FsbGJhY2tfc2VsZWN0b3IiOiJEM3IyRWc9PSIsImNhbGxiYWNrX2dhc19saW1pdCI6MzAwMDAwMDB9", "payload_signature": "AA=="} to secretdev-1
2024-12-21 14:47:50,740 [Relayer: INFO] Polled for transactions, now have 0 remaining
2024-12-21 14:47:51,744 [Relayer: INFO] Polled for transactions, now have 0 remaining
2024-12-21 14:47:52,749 [Relayer: INFO] Polled for transactions, now have 0 remaining
2024-12-21 14:47:53,755 [Relayer: INFO] Polled for transactions, now have 0 remaining
2024-12-21 14:47:54,760 [Relayer: INFO] Polled for transactions, now have 0 remaining
2024-12-21 14:47:55,768 [Relayer: INFO] Polled for transactions, now have 0 remaining
2024-12-21 14:47:56,772 [Relayer: INFO] Polled for transactions, now have 0 remaining
2024-12-21 14:47:57,776 [Relayer: INFO] Polled for transactions, now have 0 remaining
2024-12-21 14:47:58,784 [Relayer: INFO] Polled for transactions, now have 0 remaining
2024-12-21 14:47:59,790 [Relayer: INFO] Polled for transactions, now have 0 remaining
2024-12-21 14:48:00,794 [Relayer: INFO] Polled for transactions, now have 0 remaining
2024-12-21 14:48:01,798 [Relayer: INFO] Polled for transactions, now have 0 remaining
2024-12-21 14:48:02,804 [Relayer: INFO] Polled for transactions, now have 0 remaining
2024-12-21 14:48:03,812 [Relayer: INFO] Polled for transactions, now have 0 remaining
2024-12-21 14:48:04,821 [Relayer: INFO] Polled for transactions, now have 0 remaining
2024-12-21 14:48:05,826 [Relayer: INFO] Polled for transactions, now have 0 remaining
2024-12-21 14:48:06,835 [Relayer: INFO] Polled for transactions, now have 0 remaining
2024-12-21 14:48:07,843 [Relayer: INFO] Polled for transactions, now have 0 remaining
2024-12-21 14:48:08,848 [Relayer: INFO] Polled for transactions, now have 0 remaining
2024-12-21 14:48:09,857 [Relayer: INFO] Polled for transactions, now have 0 remaining
2024-12-21 14:48:10,861 [Relayer: INFO] Polled for transactions, now have 0 remaining
2024-12-21 14:48:11,867 [Relayer: INFO] Polled for transactions, now have 0 remaining
2024-12-21 14:48:12,871 [Relayer: INFO] Polled for transactions, now have 0 remaining
2024-12-21 14:48:13,876 [Relayer: INFO] Polled for transactions, now have 0 remaining
2024-12-21 14:48:14,880 [Relayer: INFO] Polled for transactions, now have 0 remaining
2024-12-21 14:48:15,885 [Relayer: INFO] Polled for transactions, now have 0 remaining
2024-12-21 14:48:16,892 [Relayer: INFO] Polled for transactions, now have 0 remaining
2024-12-21 14:48:17,899 [Relayer: INFO] Polled for transactions, now have 0 remaining
2024-12-21 14:48:18,905 [Relayer: INFO] Polled for transactions, now have 0 remaining
2024-12-21 14:48:19,438 [ETH Interface: INFO] Starting Chain-id 31337 nonce sync
2024-12-21 14:48:19,438 [ETH Interface: INFO] Starting Chain-id 31337 nonce sync
2024-12-21 14:48:19,447 [ETH Interface: INFO] Chain-id 31337 nonce synced
2024-12-21 14:48:19,447 [ETH Interface: INFO] Chain-id 31337 nonce synced
2024-12-21 14:48:19,484 [SCRT Interface: INFO] Starting Secret sequence sync
2024-12-21 14:48:19,484 [SCRT Interface: INFO] Starting Secret sequence sync
2024-12-21 14:48:19,484 [SCRT Interface: INFO] sync_account_number_and_sequence: self.address: secret1glfedwlusunwly7q05umghzwl6nf2vj6wr38fg
2024-12-21 14:48:19,484 [SCRT Interface: INFO] sync_account_number_and_sequence: self.address: secret1glfedwlusunwly7q05umghzwl6nf2vj6wr38fg
2024-12-21 14:48:19,486 [SCRT Interface: INFO] sync_account_number_and_sequence: url: http://127.0.0.1:1317/cosmos/auth/v1beta1/accounts/secret1glfedwlusunwly7q05umghzwl6nf2vj6wr38fg
2024-12-21 14:48:19,486 [SCRT Interface: INFO] sync_account_number_and_sequence: url: http://127.0.0.1:1317/cosmos/auth/v1beta1/accounts/secret1glfedwlusunwly7q05umghzwl6nf2vj6wr38fg
2024-12-21 14:48:19,494 [SCRT Interface: INFO] sync_account_number_and_sequence: account_info {'@type': '/cosmos.auth.v1beta1.BaseAccount', 'address': 'secret1glfedwlusunwly7q05umghzwl6nf2vj6wr38fg', 'pub_key': {'@type': '/cosmos.crypto.secp256k1.PubKey', 'key': 'A4K+MyJNnNcdt78SncjhArLWNnDRHapkZFsemjmf9/7A'}, 'account_number': '13', 'sequence': '1'}
2024-12-21 14:48:19,494 [SCRT Interface: INFO] sync_account_number_and_sequence: account_info {'@type': '/cosmos.auth.v1beta1.BaseAccount', 'address': 'secret1glfedwlusunwly7q05umghzwl6nf2vj6wr38fg', 'pub_key': {'@type': '/cosmos.crypto.secp256k1.PubKey', 'key': 'A4K+MyJNnNcdt78SncjhArLWNnDRHapkZFsemjmf9/7A'}, 'account_number': '13', 'sequence': '1'}
2024-12-21 14:48:19,495 [SCRT Interface: INFO] sync_account_number_and_sequence: self.sequence 1
2024-12-21 14:48:19,495 [SCRT Interface: INFO] sync_account_number_and_sequence: self.sequence 1
2024-12-21 14:48:19,495 [SCRT Interface: INFO] Secret sequence synced: self.sequence 1
2024-12-21 14:48:19,495 [SCRT Interface: INFO] Secret sequence synced: self.sequence 1
