tx:  {
  height: 1083,
  timestamp: '2024-12-16T22:58:29Z',
  transactionHash: '52CE02E8C85D0FE1C45A9A93A204844D9B1C84BE67C330CCFDAB4B2985A604EF',
  code: 0,
  codespace: '',
  info: '',
  tx: {
    '@type': '/cosmos.tx.v1beta1.Tx',
    body: {
      messages: [Array],
      memo: '',
      timeout_height: '0',
      extension_options: [],
      non_critical_extension_options: []
    },
    auth_info: { signer_infos: [Array], fee: [Object], tip: null },
    signatures: [
      'G9pSCeenaxidpBR2YUQpR9DEqcmhCRSobYAdJxaRs/dsL8L4O3E26jlLJR58KvaKWsjEJ4w6X6nEGLvRpNhNfA=='
    ]
  },
  rawLog: '',
  jsonLog: [ { msg_index: 0, events: [Array] } ],
  arrayLog: [
    {
      msg: 0,
      type: 'message',
      key: 'action',
      value: '/secret.compute.v1beta1.MsgStoreCode'
    },
    {
      msg: 0,
      type: 'message',
      key: 'sender',
      value: 'secret1ap26qrlp8mcq2pg6r47w43l0y8zkqm8a450s03'
    },
    { msg: 0, type: 'message', key: 'module', value: 'compute' },
    {
      msg: 0,
      type: 'message',
      key: 'signer',
      value: 'secret1ap26qrlp8mcq2pg6r47w43l0y8zkqm8a450s03'
    },
    { msg: 0, type: 'message', key: 'code_id', value: '1' }
  ],
  events: [
    { type: 'coin_spent', attributes: [Array] },
    { type: 'coin_received', attributes: [Array] },
    { type: 'transfer', attributes: [Array] },
    { type: 'message', attributes: [Array] },
    { type: 'tx', attributes: [Array] },
    { type: 'tx', attributes: [Array] },
    { type: 'tx', attributes: [Array] },
    { type: 'message', attributes: [Array] },
    { type: 'message', attributes: [Array] },
    { type: 'message', attributes: [Array] }
  ],
  data: [ Uint8Array(2) [ 8, 1 ] ],
  gasUsed: 5844449,
  gasWanted: 6000000,
  ibcResponses: []
}
CODE_ID: 1
CODE_HASH: 97653655266e70774ab8f0bf2ee2c17ff4a7f47d2e2fd477c69b52476841277b
