root@localhost:~/nunya# yarn run secret:upload
__dirname:  /root/nunya/packages/secret-contracts-scripts/dist
wallet address:  secret1ap26qrlp8mcq2pg6r47w43l0y8zkqm8a450s03
rootPath /root/nunya/
balance:  { denom: 'uscrt', amount: '999999999978000000' }
Starting deployment...
tx:  {
  height: 331,
  timestamp: '2024-12-17T01:45:15Z',
  transactionHash: 'F1FE7E069A39DC27F1ACB016CC9E81F419632773EC39CB5C3F365B237FB1B897',
  code: 0,
  codespace: '',
  info: '',
  tx: {
    '@type': '/cosmos.tx.v1beta1.Tx',
    body: {
      messages: [Array],
      memo: '',
      timeout_height: '0',
      extension_options: [],
      non_critical_extension_options: []
    },
    auth_info: { signer_infos: [Array], fee: [Object], tip: null },
    signatures: [
      'W0Tn6GWh4qEoy/BpLdfMWEwXxCT2aNI606tXwLVlLAN3tuWBRMRRx82Lf+rP142ARqHtulUiekAl8soqCWWu/w=='
    ]
  },
  rawLog: '',
  jsonLog: [ { msg_index: 0, events: [Array] } ],
  arrayLog: [
    {
      msg: 0,
      type: 'message',
      key: 'action',
      value: '/secret.compute.v1beta1.MsgStoreCode'
    },
    {
      msg: 0,
      type: 'message',
      key: 'sender',
      value: 'secret1ap26qrlp8mcq2pg6r47w43l0y8zkqm8a450s03'
    },
    { msg: 0, type: 'message', key: 'module', value: 'compute' },
    {
      msg: 0,
      type: 'message',
      key: 'signer',
      value: 'secret1ap26qrlp8mcq2pg6r47w43l0y8zkqm8a450s03'
    },
    { msg: 0, type: 'message', key: 'code_id', value: '2' }
  ],
  events: [
    { type: 'coin_spent', attributes: [Array] },
    { type: 'coin_received', attributes: [Array] },
    { type: 'transfer', attributes: [Array] },
    { type: 'message', attributes: [Array] },
    { type: 'tx', attributes: [Array] },
    { type: 'tx', attributes: [Array] },
    { type: 'tx', attributes: [Array] },
    { type: 'message', attributes: [Array] },
    { type: 'message', attributes: [Array] },
    { type: 'message', attributes: [Array] }
  ],
  data: [ Uint8Array(2) [ 8, 2 ] ],
  gasUsed: 6496174,
  gasWanted: 10000000,
  ibcResponses: []
}
CODE_ID: 2
CODE_HASH: 63383ca7e11c16a248ec07ac6e12949ea1bc7a70e33077c306f7be75388ca54b
